<?xml version="1.0" encoding="UTF-8"?>
<testng-results ignored="0" total="1" passed="1" failed="0" skipped="0">
  <reporter-output>
  </reporter-output>
  <suite started-at="2021-08-15T19:22:42 IST" name="Default suite" finished-at="2021-08-15T19:22:44 IST" duration-ms="2392">
    <groups>
    </groups>
    <test started-at="2021-08-15T19:22:42 IST" name="Default test" finished-at="2021-08-15T19:22:44 IST" duration-ms="2392">
      <class name="resources.TC002_POST_RegCustomer">
        <test-method signature="customerRegister()[pri:0, instance:resources.TC002_POST_RegCustomer@12d4bf7e]" started-at="2021-08-15T19:22:42 IST" name="customerRegister" finished-at="2021-08-15T19:22:44 IST" duration-ms="2337" status="PASS">
          <reporter-output>
          </reporter-output>
        </test-method> <!-- customerRegister -->
      </class> <!-- resources.TC002_POST_RegCustomer -->
    </test> <!-- Default test -->
  </suite> <!-- Default suite -->
</testng-results>
